1 [Парсинг Quantity] Ошибка в элементе заказа '2:abc': Значение 'abc' не является числом.
2 [Невалидный заказ] Заказ 106 содержит невалидные товары, заказ пропущен
3 [Парсинг ProductId] Ошибка в элементе заказа ':2': Значение '' не является числом.
4 [Невалидный заказ] Заказ 108 содержит невалидные товары, заказ пропущен
5 [Формат элемента заказа] Ошибка в элементе заказа '4': Неверный формат.
6 [Невалидный заказ] Заказ 109 содержит невалидные товары, заказ пропущен
7 [Парсинг Quantity] Ошибка в элементе заказа '4:не_число': Значение 'не_число' не является числом.
8 [Невалидный заказ] Заказ 130 содержит невалидные товары, заказ пропущен
9 [Формат строки заказа] Неверный формат строки заказа: 140;Кузьмин Кузя;10:1,2:2;extra
10 [Формат элемента заказа] Ошибка в элементе заказа '5': Неверный формат.
11 [Невалидный заказ] Заказ 150 содержит невалидные товары, заказ пропущен
12 [Парсинг Quantity] Ошибка в элементе заказа '10:не_число': Значение 'не_число' не является числом.
13 [Невалидный заказ] Заказ 160 содержит невалидные товары, заказ пропущен
14 [Формат элемента заказа] Ошибка в элементе заказа '3:3:extra': Неверный формат.
15 [Невалидный заказ] Заказ 180 содержит невалидные товары, заказ пропущен
16 [Проверка продукта] Ошибка в элементе заказа '99:2': Товар 99 не найден
17 [Невалидный заказ] Заказ 107 содержит невалидные товары, заказ пропущен
18 [Проверка продукта] Ошибка в элементе заказа '11:1': Товар 11 не найден
19 [Невалидный заказ] Заказ 118 содержит невалидные товары, заказ пропущен
20 [Проверка продукта] Ошибка в элементе заказа '11:1': Товар 11 не найден
21 [Невалидный заказ] Заказ 170 содержит невалидные товары, заказ пропущен
